Copyright 1986-2018 Xilinx, Inc. All Rights Reserved.
-------------------------------------------------------------------------------------------
| Tool Version : Vivado v.2018.3 (win64) Build 2405991 Thu Dec  6 23:38:27 MST 2018
| Date         : Sat May  8 00:43:39 2021
| Host         : FloresToWin running 64-bit major release  (build 9200)
| Command      : report_control_sets -verbose -file system_wrapper_control_sets_placed.rpt
| Design       : system_wrapper
| Device       : xc7z020
-------------------------------------------------------------------------------------------

Control Set Information

Table of Contents
-----------------
1. Summary
2. Histogram
3. Flip-Flop Distribution
4. Detailed Control Set Information

1. Summary
----------

+----------------------------------------------------------+-------+
|                          Status                          | Count |
+----------------------------------------------------------+-------+
| Number of unique control sets                            |    56 |
| Unused register locations in slices containing registers |   122 |
+----------------------------------------------------------+-------+


2. Histogram
------------

+--------+--------------+
| Fanout | Control Sets |
+--------+--------------+
|      1 |            1 |
|      2 |            1 |
|      4 |            3 |
|      5 |            4 |
|      6 |            1 |
|      7 |            1 |
|      8 |           14 |
|     10 |            1 |
|     11 |            1 |
|     12 |            4 |
|     13 |            2 |
|     14 |            2 |
|     15 |            1 |
|    16+ |           20 |
+--------+--------------+


3. Flip-Flop Distribution
-------------------------

+--------------+-----------------------+------------------------+-----------------+--------------+
| Clock Enable | Synchronous Set/Reset | Asynchronous Set/Reset | Total Registers | Total Slices |
+--------------+-----------------------+------------------------+-----------------+--------------+
| No           | No                    | No                     |             153 |           56 |
| No           | No                    | Yes                    |               0 |            0 |
| No           | Yes                   | No                     |             211 |           56 |
| Yes          | No                    | No                     |             458 |           97 |
| Yes          | No                    | Yes                    |               0 |            0 |
| Yes          | Yes                   | No                     |             256 |           76 |
+--------------+-----------------------+------------------------+-----------------+--------------+


4. Detailed Control Set Information
-----------------------------------

+-----------------------------------------------+--------------------------------------------------------------------------------------------------------------------------------------------------------------+-----------------------------------------------------------------------------------------------------------------------------------------------------+------------------+----------------+
|                  Clock Signal                 |                                                                         Enable Signal                                                                        |                                                                   Set/Reset Signal                                                                  | Slice Load Count | Bel Load Count |
+-----------------------------------------------+--------------------------------------------------------------------------------------------------------------------------------------------------------------+-----------------------------------------------------------------------------------------------------------------------------------------------------+------------------+----------------+
|  system_i/processing_system7_0/inst/FCLK_CLK0 | system_i/ps7_0_axi_periph/s00_couplers/auto_pc/inst/gen_axilite.gen_b2s_conv.axilite_b2s/WR.aw_channel_0/aw_cmd_fsm_0/state_reg[0]_1                         | system_i/ps7_0_axi_periph/s00_couplers/auto_pc/inst/gen_axilite.gen_b2s_conv.axilite_b2s/WR.aw_channel_0/aw_cmd_fsm_0/state_reg[0]_0                |                1 |              1 |
|  system_i/processing_system7_0/inst/FCLK_CLK0 | system_i/ps7_0_axi_periph/s00_couplers/auto_pc/inst/gen_axilite.gen_b2s_conv.axilite_b2s/WR.b_channel_0/bid_fifo_0/sel                                       |                                                                                                                                                     |                1 |              2 |
|  system_i/processing_system7_0/inst/FCLK_CLK0 |                                                                                                                                                              | system_i/ps7_0_axi_periph/s00_couplers/auto_pc/inst/gen_axilite.gen_b2s_conv.axilite_b2s/SI_REG/ar.ar_pipe/aresetn_d_reg[1]_inv_0                   |                2 |              4 |
|  system_i/processing_system7_0/inst/FCLK_CLK0 |                                                                                                                                                              | system_i/ps7_0_axi_periph/s00_couplers/auto_pc/inst/gen_axilite.gen_b2s_conv.axilite_b2s/SI_REG/aw.aw_pipe/aresetn_d_reg[0]_0                       |                2 |              4 |
|  system_i/processing_system7_0/inst/FCLK_CLK0 | system_i/xadc_wiz_0/U0/AXI_XADC_CORE_I/D[6]                                                                                                                  | system_i/xadc_wiz_0/U0/AXI_LITE_IPIF_I/I_SLAVE_ATTACHMENT/reset2ip_reset                                                                            |                3 |              4 |
|  system_i/processing_system7_0/inst/FCLK_CLK0 |                                                                                                                                                              | system_i/rst_ps7_0_100M/U0/EXT_LPF/lpf_int                                                                                                          |                2 |              5 |
|  system_i/processing_system7_0/inst/FCLK_CLK0 | system_i/ps7_0_axi_periph/s00_couplers/auto_pc/inst/gen_axilite.gen_b2s_conv.axilite_b2s/RD.ar_channel_0/ar_cmd_fsm_0/m_valid_i_reg                          | system_i/ps7_0_axi_periph/s00_couplers/auto_pc/inst/gen_axilite.gen_b2s_conv.axilite_b2s/RD.ar_channel_0/ar_cmd_fsm_0/FSM_sequential_state_reg[0]_0 |                2 |              5 |
|  system_i/processing_system7_0/inst/FCLK_CLK0 | system_i/ps7_0_axi_periph/s00_couplers/auto_pc/inst/gen_axilite.gen_b2s_conv.axilite_b2s/RD.r_channel_0/rd_data_fifo_0/cnt_read[4]_i_1_n_0                   | system_i/ps7_0_axi_periph/s00_couplers/auto_pc/inst/gen_axilite.gen_b2s_conv.axilite_b2s/areset_d1                                                  |                2 |              5 |
|  system_i/processing_system7_0/inst/FCLK_CLK0 | system_i/ps7_0_axi_periph/s00_couplers/auto_pc/inst/gen_axilite.gen_b2s_conv.axilite_b2s/RD.r_channel_0/rd_data_fifo_0/E[0]                                  | system_i/ps7_0_axi_periph/s00_couplers/auto_pc/inst/gen_axilite.gen_b2s_conv.axilite_b2s/areset_d1                                                  |                2 |              5 |
|  system_i/processing_system7_0/inst/FCLK_CLK0 | system_i/rst_ps7_0_100M/U0/SEQ/seq_cnt_en                                                                                                                    | system_i/rst_ps7_0_100M/U0/SEQ/SEQ_COUNTER/clear                                                                                                    |                2 |              6 |
|  system_i/processing_system7_0/inst/FCLK_CLK0 |                                                                                                                                                              | system_i/xadc_wiz_0/U0/AXI_LITE_IPIF_I/I_SLAVE_ATTACHMENT/p_2_out                                                                                   |                2 |              7 |
|  system_i/processing_system7_0/inst/FCLK_CLK0 | system_i/lcd_ip/U0/lcd_8_bits_ip_v1_0_S_AXI_inst/slv_reg1[7]_i_1_n_0                                                                                         | system_i/lcd_ip/U0/lcd_8_bits_ip_v1_0_S_AXI_inst/axi_awready_i_1_n_0                                                                                |                1 |              8 |
|  system_i/processing_system7_0/inst/FCLK_CLK0 | system_i/lcd_ip/U0/lcd_8_bits_ip_v1_0_S_AXI_inst/p_1_in[23]                                                                                                  | system_i/lcd_ip/U0/lcd_8_bits_ip_v1_0_S_AXI_inst/axi_awready_i_1_n_0                                                                                |                2 |              8 |
|  system_i/processing_system7_0/inst/FCLK_CLK0 | system_i/ps7_0_axi_periph/s00_couplers/auto_pc/inst/gen_axilite.gen_b2s_conv.axilite_b2s/WR.b_channel_0/mhandshake_r                                         | system_i/ps7_0_axi_periph/s00_couplers/auto_pc/inst/gen_axilite.gen_b2s_conv.axilite_b2s/WR.b_channel_0/bid_fifo_0/SR[0]                            |                2 |              8 |
|  system_i/processing_system7_0/inst/FCLK_CLK0 | system_i/lcd_ip/U0/lcd_8_bits_ip_v1_0_S_AXI_inst/slv_reg1[23]_i_1_n_0                                                                                        | system_i/lcd_ip/U0/lcd_8_bits_ip_v1_0_S_AXI_inst/axi_awready_i_1_n_0                                                                                |                1 |              8 |
|  system_i/processing_system7_0/inst/FCLK_CLK0 | system_i/lcd_ip/U0/lcd_8_bits_ip_v1_0_S_AXI_inst/slv_reg1[15]_i_1_n_0                                                                                        | system_i/lcd_ip/U0/lcd_8_bits_ip_v1_0_S_AXI_inst/axi_awready_i_1_n_0                                                                                |                1 |              8 |
|  system_i/processing_system7_0/inst/FCLK_CLK0 | system_i/lcd_ip/U0/lcd_8_bits_ip_v1_0_S_AXI_inst/slv_reg1[31]_i_1_n_0                                                                                        | system_i/lcd_ip/U0/lcd_8_bits_ip_v1_0_S_AXI_inst/axi_awready_i_1_n_0                                                                                |                1 |              8 |
|  system_i/processing_system7_0/inst/FCLK_CLK0 | system_i/lcd_ip/U0/lcd_8_bits_ip_v1_0_S_AXI_inst/slv_reg2[15]_i_1_n_0                                                                                        | system_i/lcd_ip/U0/lcd_8_bits_ip_v1_0_S_AXI_inst/axi_awready_i_1_n_0                                                                                |                1 |              8 |
|  system_i/processing_system7_0/inst/FCLK_CLK0 | system_i/lcd_ip/U0/lcd_8_bits_ip_v1_0_S_AXI_inst/slv_reg2[31]_i_1_n_0                                                                                        | system_i/lcd_ip/U0/lcd_8_bits_ip_v1_0_S_AXI_inst/axi_awready_i_1_n_0                                                                                |                2 |              8 |
|  system_i/processing_system7_0/inst/FCLK_CLK0 | system_i/lcd_ip/U0/lcd_8_bits_ip_v1_0_S_AXI_inst/slv_reg2[7]_i_1_n_0                                                                                         | system_i/lcd_ip/U0/lcd_8_bits_ip_v1_0_S_AXI_inst/axi_awready_i_1_n_0                                                                                |                1 |              8 |
|  system_i/processing_system7_0/inst/FCLK_CLK0 | system_i/lcd_ip/U0/lcd_8_bits_ip_v1_0_S_AXI_inst/slv_reg0[7]_i_1_n_0                                                                                         | system_i/lcd_ip/U0/lcd_8_bits_ip_v1_0_S_AXI_inst/axi_awready_i_1_n_0                                                                                |                1 |              8 |
|  system_i/processing_system7_0/inst/FCLK_CLK0 | system_i/lcd_ip/U0/lcd_8_bits_ip_v1_0_S_AXI_inst/slv_reg2[23]_i_1_n_0                                                                                        | system_i/lcd_ip/U0/lcd_8_bits_ip_v1_0_S_AXI_inst/axi_awready_i_1_n_0                                                                                |                1 |              8 |
|  system_i/processing_system7_0/inst/FCLK_CLK0 | system_i/lcd_ip/U0/lcd_8_bits_ip_v1_0_S_AXI_inst/p_1_in[7]                                                                                                   | system_i/lcd_ip/U0/lcd_8_bits_ip_v1_0_S_AXI_inst/axi_awready_i_1_n_0                                                                                |                1 |              8 |
|  system_i/processing_system7_0/inst/FCLK_CLK0 | system_i/lcd_ip/U0/lcd_8_bits_ip_v1_0_S_AXI_inst/p_1_in[15]                                                                                                  | system_i/lcd_ip/U0/lcd_8_bits_ip_v1_0_S_AXI_inst/axi_awready_i_1_n_0                                                                                |                3 |              8 |
|  system_i/processing_system7_0/inst/FCLK_CLK0 | system_i/lcd_ip/U0/lcd_8_bits_ip_v1_0_S_AXI_inst/p_1_in[31]                                                                                                  | system_i/lcd_ip/U0/lcd_8_bits_ip_v1_0_S_AXI_inst/axi_awready_i_1_n_0                                                                                |                1 |              8 |
|  system_i/processing_system7_0/inst/FCLK_CLK0 |                                                                                                                                                              | system_i/ps7_0_axi_periph/s00_couplers/auto_pc/inst/gen_axilite.gen_b2s_conv.axilite_b2s/areset_d1                                                  |                5 |             10 |
|  system_i/processing_system7_0/inst/FCLK_CLK0 |                                                                                                                                                              | system_i/ps7_0_axi_periph/xbar/inst/gen_sasd.crossbar_sasd_0/addr_arbiter_inst/SR[0]                                                                |                3 |             11 |
|  system_i/processing_system7_0/inst/FCLK_CLK0 | system_i/ps7_0_axi_periph/s00_couplers/auto_pc/inst/gen_axilite.gen_b2s_conv.axilite_b2s/RD.ar_channel_0/ar_cmd_fsm_0/E[0]                                   |                                                                                                                                                     |                4 |             12 |
|  system_i/processing_system7_0/inst/FCLK_CLK0 | system_i/ps7_0_axi_periph/s00_couplers/auto_pc/inst/gen_axilite.gen_b2s_conv.axilite_b2s/WR.aw_channel_0/aw_cmd_fsm_0/E[0]                                   |                                                                                                                                                     |                4 |             12 |
|  system_i/processing_system7_0/inst/FCLK_CLK0 | system_i/ps7_0_axi_periph/s00_couplers/auto_pc/inst/gen_axilite.gen_b2s_conv.axilite_b2s/WR.aw_channel_0/cmd_translator_0/incr_cmd_0/axaddr_incr[11]_i_1_n_0 |                                                                                                                                                     |                3 |             12 |
|  system_i/processing_system7_0/inst/FCLK_CLK0 | system_i/ps7_0_axi_periph/s00_couplers/auto_pc/inst/gen_axilite.gen_b2s_conv.axilite_b2s/RD.ar_channel_0/ar_cmd_fsm_0/sel_first_reg_1[0]                     |                                                                                                                                                     |                3 |             12 |
|  system_i/processing_system7_0/inst/FCLK_CLK0 |                                                                                                                                                              | system_i/lcd_ip/U0/lcd_8_bits_ip_v1_0_S_AXI_inst/axi_awready_i_1_n_0                                                                                |                4 |             13 |
|  system_i/processing_system7_0/inst/FCLK_CLK0 | system_i/ps7_0_axi_periph/s00_couplers/auto_pc/inst/gen_axilite.gen_b2s_conv.axilite_b2s/RD.r_channel_0/r_push_r                                             |                                                                                                                                                     |                4 |             13 |
|  system_i/processing_system7_0/inst/FCLK_CLK0 | system_i/ps7_0_axi_periph/s00_couplers/auto_pc/inst/gen_axilite.gen_b2s_conv.axilite_b2s/SI_REG/b.b_pipe/p_1_in                                              |                                                                                                                                                     |                2 |             14 |
|  system_i/processing_system7_0/inst/FCLK_CLK0 | system_i/ps7_0_axi_periph/s00_couplers/auto_pc/inst/gen_axilite.gen_b2s_conv.axilite_b2s/SI_REG/b.b_pipe/s_ready_i_reg_0                                     |                                                                                                                                                     |                3 |             14 |
|  system_i/processing_system7_0/inst/FCLK_CLK0 | system_i/ps7_0_axi_periph/xbar/inst/gen_sasd.crossbar_sasd_0/reg_slice_r/aa_rready                                                                           |                                                                                                                                                     |                5 |             15 |
|  system_i/processing_system7_0/inst/FCLK_CLK0 |                                                                                                                                                              | system_i/xadc_wiz_0/U0/AXI_LITE_IPIF_I/I_SLAVE_ATTACHMENT/rst_reg_0[0]                                                                              |                3 |             16 |
|  system_i/processing_system7_0/inst/FCLK_CLK0 | system_i/ps7_0_axi_periph/s00_couplers/auto_pc/inst/gen_axilite.gen_b2s_conv.axilite_b2s/WR.aw_channel_0/aw_cmd_fsm_0/b_push                                 |                                                                                                                                                     |                3 |             16 |
|  system_i/processing_system7_0/inst/FCLK_CLK0 | system_i/xadc_wiz_0/U0/AXI_LITE_IPIF_I/I_SLAVE_ATTACHMENT/I_DECODER/E[0]                                                                                     | system_i/xadc_wiz_0/U0/AXI_LITE_IPIF_I/I_SLAVE_ATTACHMENT/reset2ip_reset                                                                            |                7 |             17 |
|  system_i/processing_system7_0/inst/FCLK_CLK0 | system_i/xadc_wiz_0/U0/AXI_LITE_IPIF_I/I_SLAVE_ATTACHMENT/s_axi_rresp_i                                                                                      | system_i/xadc_wiz_0/U0/AXI_LITE_IPIF_I/I_SLAVE_ATTACHMENT/SR[0]                                                                                     |                8 |             20 |
|  system_i/processing_system7_0/inst/FCLK_CLK0 | system_i/ps7_0_axi_periph/s00_couplers/auto_pc/inst/gen_axilite.gen_b2s_conv.axilite_b2s/RD.ar_channel_0/ar_cmd_fsm_0/m_valid_i_reg                          |                                                                                                                                                     |                7 |             21 |
|  system_i/processing_system7_0/inst/FCLK_CLK0 | system_i/ps7_0_axi_periph/xbar/inst/gen_sasd.crossbar_sasd_0/addr_arbiter_inst/p_0_in1_in                                                                    | system_i/ps7_0_axi_periph/xbar/inst/gen_sasd.crossbar_sasd_0/addr_arbiter_inst/SR[0]                                                                |               11 |             24 |
|  system_i/processing_system7_0/inst/FCLK_CLK0 | system_i/ps7_0_axi_periph/s00_couplers/auto_pc/inst/gen_axilite.gen_b2s_conv.axilite_b2s/WR.aw_channel_0/aw_cmd_fsm_0/state_reg[0]_1                         |                                                                                                                                                     |               10 |             25 |
|  system_i/processing_system7_0/inst/FCLK_CLK0 | system_i/xadc_wiz_0/U0/AXI_LITE_IPIF_I/I_SLAVE_ATTACHMENT/I_DECODER/start                                                                                    | system_i/xadc_wiz_0/U0/AXI_LITE_IPIF_I/I_SLAVE_ATTACHMENT/I_DECODER/cs_ce_clr                                                                       |                8 |             25 |
|  system_i/processing_system7_0/inst/FCLK_CLK0 |                                                                                                                                                              | system_i/xadc_wiz_0/U0/AXI_LITE_IPIF_I/I_SLAVE_ATTACHMENT/SR[0]                                                                                     |                5 |             26 |
|  system_i/processing_system7_0/inst/FCLK_CLK0 | system_i/lcd_ip/U0/lcd_8_bits_ip_v1_0_S_AXI_inst/slv_reg_rden                                                                                                | system_i/lcd_ip/U0/lcd_8_bits_ip_v1_0_S_AXI_inst/axi_awready_i_1_n_0                                                                                |               11 |             32 |
|  system_i/processing_system7_0/inst/FCLK_CLK0 | system_i/ps7_0_axi_periph/s00_couplers/auto_pc/inst/gen_axilite.gen_b2s_conv.axilite_b2s/RD.r_channel_0/rd_data_fifo_0/wr_en0                                |                                                                                                                                                     |                9 |             34 |
|  system_i/processing_system7_0/inst/FCLK_CLK0 | system_i/ps7_0_axi_periph/xbar/inst/gen_sasd.crossbar_sasd_0/addr_arbiter_inst/E[0]                                                                          |                                                                                                                                                     |                6 |             35 |
|  system_i/processing_system7_0/inst/FCLK_CLK0 | system_i/ps7_0_axi_periph/s00_couplers/auto_pc/inst/gen_axilite.gen_b2s_conv.axilite_b2s/SI_REG/r.r_pipe/p_1_in                                              |                                                                                                                                                     |                7 |             47 |
|  system_i/processing_system7_0/inst/FCLK_CLK0 | system_i/ps7_0_axi_periph/s00_couplers/auto_pc/inst/gen_axilite.gen_b2s_conv.axilite_b2s/SI_REG/r.r_pipe/s_ready_i_reg_0                                     |                                                                                                                                                     |                9 |             47 |
|  system_i/processing_system7_0/inst/FCLK_CLK0 | system_i/ps7_0_axi_periph/s00_couplers/auto_pc/inst/gen_axilite.gen_b2s_conv.axilite_b2s/WR.aw_channel_0/aw_cmd_fsm_0/m_valid_i_reg[0]                       |                                                                                                                                                     |                7 |             48 |
|  system_i/processing_system7_0/inst/FCLK_CLK0 | system_i/ps7_0_axi_periph/s00_couplers/auto_pc/inst/gen_axilite.gen_b2s_conv.axilite_b2s/RD.ar_channel_0/ar_cmd_fsm_0/FSM_sequential_state_reg[1]_0[0]       |                                                                                                                                                     |                9 |             48 |
|  system_i/processing_system7_0/inst/FCLK_CLK0 | system_i/ps7_0_axi_periph/s00_couplers/auto_pc/inst/gen_axilite.gen_b2s_conv.axilite_b2s/SI_REG/ar.ar_pipe/s_ready_i_reg_0                                   |                                                                                                                                                     |                9 |             48 |
|  system_i/processing_system7_0/inst/FCLK_CLK0 | system_i/ps7_0_axi_periph/s00_couplers/auto_pc/inst/gen_axilite.gen_b2s_conv.axilite_b2s/SI_REG/aw.aw_pipe/s_ready_i_reg_0                                   |                                                                                                                                                     |                9 |             48 |
|  system_i/processing_system7_0/inst/FCLK_CLK0 |                                                                                                                                                              | system_i/xadc_wiz_0/U0/AXI_LITE_IPIF_I/I_SLAVE_ATTACHMENT/reset2ip_reset                                                                            |               28 |            115 |
|  system_i/processing_system7_0/inst/FCLK_CLK0 |                                                                                                                                                              |                                                                                                                                                     |               57 |            154 |
+-----------------------------------------------+--------------------------------------------------------------------------------------------------------------------------------------------------------------+-----------------------------------------------------------------------------------------------------------------------------------------------------+------------------+----------------+


